<?xml version="1.0" encoding="UTF-8"?>
<testsuite name="com.vitamax.book.springboot.domain.posts.PostsRepositoryTest" tests="2" skipped="0" failures="0" errors="0" timestamp="2020-12-19T11:50:46" hostname="DESKTOP-7UCTGBH" time="0.143">
  <properties/>
  <testcase name="게시글저장_불러오기" classname="com.vitamax.book.springboot.domain.posts.PostsRepositoryTest" time="0.135"/>
  <testcase name="BaseTimeEntity_등록" classname="com.vitamax.book.springboot.domain.posts.PostsRepositoryTest" time="0.008"/>
  <system-out><![CDATA[2020-12-19 20:50:43.886  INFO 7764 --- [    Test worker] .b.t.c.SpringBootTestContextBootstrapper : Neither @ContextConfiguration nor @ContextHierarchy found for test class [com.vitamax.book.springboot.domain.posts.PostsRepositoryTest], using SpringBootContextLoader
2020-12-19 20:50:43.887  INFO 7764 --- [    Test worker] o.s.t.c.support.AbstractContextLoader    : Could not detect default resource locations for test class [com.vitamax.book.springboot.domain.posts.PostsRepositoryTest]: no resource found for suffixes {-context.xml, Context.groovy}.
2020-12-19 20:50:43.887  INFO 7764 --- [    Test worker] t.c.s.AnnotationConfigContextLoaderUtils : Could not detect default configuration classes for test class [com.vitamax.book.springboot.domain.posts.PostsRepositoryTest]: PostsRepositoryTest does not declare any static, non-private, non-final, nested classes annotated with @Configuration.
2020-12-19 20:50:43.893  INFO 7764 --- [    Test worker] .b.t.c.SpringBootTestContextBootstrapper : Found @SpringBootConfiguration com.vitamax.book.springboot.Application for test class com.vitamax.book.springboot.domain.posts.PostsRepositoryTest
2020-12-19 20:50:43.895  INFO 7764 --- [    Test worker] .b.t.c.SpringBootTestContextBootstrapper : Loaded default TestExecutionListener class names from location [META-INF/spring.factories]: [org.springframework.security.test.context.support.WithSecurityContextTestExecutionListener, org.springframework.security.test.context.support.ReactorContextTestExecutionListener, org.springframework.boot.test.autoconfigure.restdocs.RestDocsTestExecutionListener, org.springframework.boot.test.autoconfigure.web.client.MockRestServiceServerResetTestExecutionListener, org.springframework.boot.test.autoconfigure.web.servlet.MockMvcPrintOnlyOnFailureTestExecutionListener, org.springframework.boot.test.autoconfigure.web.servlet.WebDriverTestExecutionListener, org.springframework.boot.test.mock.mockito.MockitoTestExecutionListener, org.springframework.boot.test.mock.mockito.ResetMocksTestExecutionListener, org.springframework.test.context.web.ServletTestExecutionListener, org.springframework.test.context.support.DirtiesContextBeforeModesTestExecutionListener, org.springframework.test.context.support.DependencyInjectionTestExecutionListener, org.springframework.test.context.support.DirtiesContextTestExecutionListener, org.springframework.test.context.transaction.TransactionalTestExecutionListener, org.springframework.test.context.jdbc.SqlScriptsTestExecutionListener]
2020-12-19 20:50:43.896  INFO 7764 --- [    Test worker] .b.t.c.SpringBootTestContextBootstrapper : Using TestExecutionListeners: [org.springframework.test.context.web.ServletTestExecutionListener@5a20dbdd, org.springframework.test.context.support.DirtiesContextBeforeModesTestExecutionListener@21df6859, org.springframework.boot.test.mock.mockito.MockitoTestExecutionListener@6768a986, org.springframework.boot.test.autoconfigure.SpringBootDependencyInjectionTestExecutionListener@e0873c1, org.springframework.test.context.support.DirtiesContextTestExecutionListener@522abfee, org.springframework.test.context.transaction.TransactionalTestExecutionListener@8ed9852, org.springframework.test.context.jdbc.SqlScriptsTestExecutionListener@2aeb3450, org.springframework.security.test.context.support.WithSecurityContextTestExecutionListener@6730ccb7, org.springframework.security.test.context.support.ReactorContextTestExecutionListener@6062ca70, org.springframework.boot.test.autoconfigure.restdocs.RestDocsTestExecutionListener@4a9e126, org.springframework.boot.test.autoconfigure.web.client.MockRestServiceServerResetTestExecutionListener@77130c57, org.springframework.boot.test.autoconfigure.web.servlet.MockMvcPrintOnlyOnFailureTestExecutionListener@16272376, org.springframework.boot.test.autoconfigure.web.servlet.WebDriverTestExecutionListener@60605a88, org.springframework.boot.test.mock.mockito.ResetMocksTestExecutionListener@2b0b2773]

  .   ____          _            __ _ _
 /\\ / ___'_ __ _ _(_)_ __  __ _ \ \ \ \
( ( )\___ | '_ | '_| | '_ \/ _` | \ \ \ \
 \\/  ___)| |_)| | | | | || (_| |  ) ) ) )
  '  |____| .__|_| |_|_| |_\__, | / / / /
 =========|_|==============|___/=/_/_/_/
 :: Spring Boot ::        (v2.1.7.RELEASE)

2020-12-19 20:50:43.911  INFO 7764 --- [    Test worker] c.v.b.s.d.posts.PostsRepositoryTest      : Starting PostsRepositoryTest on DESKTOP-7UCTGBH with PID 7764 (started by hello in D:\[개인]\study\java\projects\freelec-springboot2-webservice)
2020-12-19 20:50:43.911  INFO 7764 --- [    Test worker] c.v.b.s.d.posts.PostsRepositoryTest      : No active profile set, falling back to default profiles: default
2020-12-19 20:50:44.182  INFO 7764 --- [    Test worker] .s.d.r.c.RepositoryConfigurationDelegate : Bootstrapping Spring Data repositories in DEFAULT mode.
2020-12-19 20:50:44.231  INFO 7764 --- [    Test worker] .s.d.r.c.RepositoryConfigurationDelegate : Finished Spring Data repository scanning in 43ms. Found 2 repository interfaces.
2020-12-19 20:50:44.417  INFO 7764 --- [    Test worker] trationDelegate$BeanPostProcessorChecker : Bean 'org.springframework.transaction.annotation.ProxyTransactionManagementConfiguration' of type [org.springframework.transaction.annotation.ProxyTransactionManagementConfiguration$$EnhancerBySpringCGLIB$$c4ae6c98] is not eligible for getting processed by all BeanPostProcessors (for example: not eligible for auto-proxying)
2020-12-19 20:50:44.541  INFO 7764 --- [    Test worker] com.zaxxer.hikari.HikariDataSource       : HikariPool-1 - Starting...
2020-12-19 20:50:44.692  INFO 7764 --- [    Test worker] com.zaxxer.hikari.HikariDataSource       : HikariPool-1 - Start completed.
2020-12-19 20:50:44.759  INFO 7764 --- [    Test worker] o.hibernate.jpa.internal.util.LogHelper  : HHH000204: Processing PersistenceUnitInfo [
	name: default
	...]
2020-12-19 20:50:44.821  INFO 7764 --- [    Test worker] org.hibernate.Version                    : HHH000412: Hibernate Core {5.3.10.Final}
2020-12-19 20:50:44.822  INFO 7764 --- [    Test worker] org.hibernate.cfg.Environment            : HHH000206: hibernate.properties not found
2020-12-19 20:50:44.871  INFO 7764 --- [    Test worker] o.hibernate.annotations.common.Version   : HCANN000001: Hibernate Commons Annotations {5.0.4.Final}
2020-12-19 20:50:45.014  INFO 7764 --- [    Test worker] org.hibernate.dialect.Dialect            : HHH000400: Using dialect: org.hibernate.dialect.MySQL5InnoDBDialect
Hibernate: drop table if exists posts
Hibernate: drop table if exists user
Hibernate: create table posts (id bigint not null auto_increment, created_date datetime, modified_date datetime, author varchar(255), content TEXT not null, title varchar(500) not null, primary key (id)) engine=InnoDB
Hibernate: create table user (id bigint not null auto_increment, created_date datetime, modified_date datetime, email varchar(255) not null, name varchar(255) not null, picture varchar(255), role varchar(255) not null, primary key (id)) engine=InnoDB
2020-12-19 20:50:45.695  INFO 7764 --- [    Test worker] o.h.t.schema.internal.SchemaCreatorImpl  : HHH000476: Executing import script 'org.hibernate.tool.schema.internal.exec.ScriptSourceInputNonExistentImpl@3acc2bcf'
2020-12-19 20:50:45.697  INFO 7764 --- [    Test worker] j.LocalContainerEntityManagerFactoryBean : Initialized JPA EntityManagerFactory for persistence unit 'default'
2020-12-19 20:50:46.099  INFO 7764 --- [    Test worker] o.h.h.i.QueryTranslatorFactoryInitiator  : HHH000397: Using ASTQueryTranslatorFactory
2020-12-19 20:50:46.347  INFO 7764 --- [    Test worker] o.s.s.web.DefaultSecurityFilterChain     : Creating filter chain: any request, [org.springframework.security.web.context.request.async.WebAsyncManagerIntegrationFilter@9abaf56, org.springframework.security.web.context.SecurityContextPersistenceFilter@2dd12872, org.springframework.security.web.header.HeaderWriterFilter@2d7a6e5, org.springframework.security.web.authentication.logout.LogoutFilter@1bec84e1, org.springframework.security.oauth2.client.web.OAuth2AuthorizationRequestRedirectFilter@58e7b6b3, org.springframework.security.oauth2.client.web.OAuth2LoginAuthenticationFilter@57e84622, org.springframework.security.web.authentication.ui.DefaultLoginPageGeneratingFilter@3fdab9d0, org.springframework.security.web.authentication.ui.DefaultLogoutPageGeneratingFilter@5467b5f3, org.springframework.security.web.savedrequest.RequestCacheAwareFilter@2c52ec64, org.springframework.security.web.servletapi.SecurityContextHolderAwareRequestFilter@130d9785, org.springframework.security.web.authentication.AnonymousAuthenticationFilter@412b300b, org.springframework.security.web.session.SessionManagementFilter@2e004f63, org.springframework.security.web.access.ExceptionTranslationFilter@4cd9bb6f, org.springframework.security.web.access.intercept.FilterSecurityInterceptor@4608aba5]
2020-12-19 20:50:46.614  INFO 7764 --- [    Test worker] o.s.s.concurrent.ThreadPoolTaskExecutor  : Initializing ExecutorService 'applicationTaskExecutor'
2020-12-19 20:50:46.626  WARN 7764 --- [    Test worker] aWebConfiguration$JpaWebMvcConfiguration : spring.jpa.open-in-view is enabled by default. Therefore, database queries may be performed during view rendering. Explicitly configure spring.jpa.open-in-view to disable this warning
2020-12-19 20:50:46.651  INFO 7764 --- [    Test worker] o.s.b.a.w.s.WelcomePageHandlerMapping    : Adding welcome page template: index
2020-12-19 20:50:46.980  INFO 7764 --- [    Test worker] s.a.ScheduledAnnotationBeanPostProcessor : No TaskScheduler/ScheduledExecutorService bean found for scheduled processing
2020-12-19 20:50:46.985  INFO 7764 --- [    Test worker] c.v.b.s.d.posts.PostsRepositoryTest      : Started PostsRepositoryTest in 3.088 seconds (JVM running for 6.036)
Hibernate: insert into posts (created_date, modified_date, author, content, title) values (?, ?, ?, ?, ?)
Hibernate: select posts0_.id as id1_0_, posts0_.created_date as created_2_0_, posts0_.modified_date as modified3_0_, posts0_.author as author4_0_, posts0_.content as content5_0_, posts0_.title as title6_0_ from posts posts0_
Hibernate: select posts0_.id as id1_0_, posts0_.created_date as created_2_0_, posts0_.modified_date as modified3_0_, posts0_.author as author4_0_, posts0_.content as content5_0_, posts0_.title as title6_0_ from posts posts0_
Hibernate: delete from posts where id=?
Hibernate: insert into posts (created_date, modified_date, author, content, title) values (?, ?, ?, ?, ?)
Hibernate: select posts0_.id as id1_0_, posts0_.created_date as created_2_0_, posts0_.modified_date as modified3_0_, posts0_.author as author4_0_, posts0_.content as content5_0_, posts0_.title as title6_0_ from posts posts0_
2020-12-19 20:50:47.129  INFO 7764 --- [    Test worker] c.v.b.s.d.posts.PostsRepositoryTest      : >>>>>>> createdDate = 2020-12-19T20:50:47.126, modifiedDate = {}2020-12-19T20:50:47.126
Hibernate: select posts0_.id as id1_0_, posts0_.created_date as created_2_0_, posts0_.modified_date as modified3_0_, posts0_.author as author4_0_, posts0_.content as content5_0_, posts0_.title as title6_0_ from posts posts0_
Hibernate: delete from posts where id=?
]]></system-out>
  <system-err><![CDATA[]]></system-err>
</testsuite>
