<?xml version="1.0" encoding="UTF-8"?>
<testsuite name="com.vitamax.book.springboot.web.PostsApiControllerTest" tests="2" skipped="0" failures="0" errors="0" timestamp="2020-12-19T11:50:48" hostname="DESKTOP-7UCTGBH" time="0.077">
  <properties/>
  <testcase name="Posts_등록된다" classname="com.vitamax.book.springboot.web.PostsApiControllerTest" time="0.053"/>
  <testcase name="Posts_수정된다" classname="com.vitamax.book.springboot.web.PostsApiControllerTest" time="0.024"/>
  <system-out><![CDATA[2020-12-19 20:50:48.745  INFO 7764 --- [    Test worker] .b.t.c.SpringBootTestContextBootstrapper : Neither @ContextConfiguration nor @ContextHierarchy found for test class [com.vitamax.book.springboot.web.PostsApiControllerTest], using SpringBootContextLoader
2020-12-19 20:50:48.746  INFO 7764 --- [    Test worker] o.s.t.c.support.AbstractContextLoader    : Could not detect default resource locations for test class [com.vitamax.book.springboot.web.PostsApiControllerTest]: no resource found for suffixes {-context.xml, Context.groovy}.
2020-12-19 20:50:48.746  INFO 7764 --- [    Test worker] t.c.s.AnnotationConfigContextLoaderUtils : Could not detect default configuration classes for test class [com.vitamax.book.springboot.web.PostsApiControllerTest]: PostsApiControllerTest does not declare any static, non-private, non-final, nested classes annotated with @Configuration.
2020-12-19 20:50:48.747  INFO 7764 --- [    Test worker] .b.t.c.SpringBootTestContextBootstrapper : Found @SpringBootConfiguration com.vitamax.book.springboot.Application for test class com.vitamax.book.springboot.web.PostsApiControllerTest
2020-12-19 20:50:48.749  INFO 7764 --- [    Test worker] .b.t.c.SpringBootTestContextBootstrapper : Loaded default TestExecutionListener class names from location [META-INF/spring.factories]: [org.springframework.security.test.context.support.WithSecurityContextTestExecutionListener, org.springframework.security.test.context.support.ReactorContextTestExecutionListener, org.springframework.boot.test.autoconfigure.restdocs.RestDocsTestExecutionListener, org.springframework.boot.test.autoconfigure.web.client.MockRestServiceServerResetTestExecutionListener, org.springframework.boot.test.autoconfigure.web.servlet.MockMvcPrintOnlyOnFailureTestExecutionListener, org.springframework.boot.test.autoconfigure.web.servlet.WebDriverTestExecutionListener, org.springframework.boot.test.mock.mockito.MockitoTestExecutionListener, org.springframework.boot.test.mock.mockito.ResetMocksTestExecutionListener, org.springframework.test.context.web.ServletTestExecutionListener, org.springframework.test.context.support.DirtiesContextBeforeModesTestExecutionListener, org.springframework.test.context.support.DependencyInjectionTestExecutionListener, org.springframework.test.context.support.DirtiesContextTestExecutionListener, org.springframework.test.context.transaction.TransactionalTestExecutionListener, org.springframework.test.context.jdbc.SqlScriptsTestExecutionListener]
2020-12-19 20:50:48.750  INFO 7764 --- [    Test worker] .b.t.c.SpringBootTestContextBootstrapper : Using TestExecutionListeners: [org.springframework.test.context.web.ServletTestExecutionListener@fc18dc7, org.springframework.test.context.support.DirtiesContextBeforeModesTestExecutionListener@4e9672ea, org.springframework.boot.test.mock.mockito.MockitoTestExecutionListener@1ed79a54, org.springframework.boot.test.autoconfigure.SpringBootDependencyInjectionTestExecutionListener@1e9df8c2, org.springframework.test.context.support.DirtiesContextTestExecutionListener@1d31f163, org.springframework.test.context.transaction.TransactionalTestExecutionListener@604dc10d, org.springframework.test.context.jdbc.SqlScriptsTestExecutionListener@42eae26a, org.springframework.security.test.context.support.WithSecurityContextTestExecutionListener@33c0591d, org.springframework.security.test.context.support.ReactorContextTestExecutionListener@21680cef, org.springframework.boot.test.autoconfigure.restdocs.RestDocsTestExecutionListener@2fa3e466, org.springframework.boot.test.autoconfigure.web.client.MockRestServiceServerResetTestExecutionListener@3a4fba4a, org.springframework.boot.test.autoconfigure.web.servlet.MockMvcPrintOnlyOnFailureTestExecutionListener@b7614af, org.springframework.boot.test.autoconfigure.web.servlet.WebDriverTestExecutionListener@6a187e5a, org.springframework.boot.test.mock.mockito.ResetMocksTestExecutionListener@5a2837ab]
2020-12-19 20:50:48.758  INFO 7764 --- [    Test worker] o.a.c.c.C.[Tomcat].[localhost].[/]       : Initializing Spring TestDispatcherServlet ''
2020-12-19 20:50:48.758  INFO 7764 --- [    Test worker] o.s.t.web.servlet.TestDispatcherServlet  : Initializing Servlet ''
2020-12-19 20:50:48.760  INFO 7764 --- [    Test worker] o.s.t.web.servlet.TestDispatcherServlet  : Completed initialization in 2 ms
Hibernate: insert into posts (created_date, modified_date, author, content, title) values (?, ?, ?, ?, ?)
Hibernate: select posts0_.id as id1_0_, posts0_.created_date as created_2_0_, posts0_.modified_date as modified3_0_, posts0_.author as author4_0_, posts0_.content as content5_0_, posts0_.title as title6_0_ from posts posts0_
Hibernate: select posts0_.id as id1_0_, posts0_.created_date as created_2_0_, posts0_.modified_date as modified3_0_, posts0_.author as author4_0_, posts0_.content as content5_0_, posts0_.title as title6_0_ from posts posts0_
Hibernate: delete from posts where id=?
2020-12-19 20:50:48.809  INFO 7764 --- [    Test worker] o.a.c.c.C.[Tomcat].[localhost].[/]       : Initializing Spring TestDispatcherServlet ''
2020-12-19 20:50:48.809  INFO 7764 --- [    Test worker] o.s.t.web.servlet.TestDispatcherServlet  : Initializing Servlet ''
2020-12-19 20:50:48.810  INFO 7764 --- [    Test worker] o.s.t.web.servlet.TestDispatcherServlet  : Completed initialization in 1 ms
Hibernate: insert into posts (created_date, modified_date, author, content, title) values (?, ?, ?, ?, ?)
Hibernate: select posts0_.id as id1_0_0_, posts0_.created_date as created_2_0_0_, posts0_.modified_date as modified3_0_0_, posts0_.author as author4_0_0_, posts0_.content as content5_0_0_, posts0_.title as title6_0_0_ from posts posts0_ where posts0_.id=?
Hibernate: update posts set created_date=?, modified_date=?, author=?, content=?, title=? where id=?
Hibernate: select posts0_.id as id1_0_, posts0_.created_date as created_2_0_, posts0_.modified_date as modified3_0_, posts0_.author as author4_0_, posts0_.content as content5_0_, posts0_.title as title6_0_ from posts posts0_
Hibernate: select posts0_.id as id1_0_, posts0_.created_date as created_2_0_, posts0_.modified_date as modified3_0_, posts0_.author as author4_0_, posts0_.content as content5_0_, posts0_.title as title6_0_ from posts posts0_
Hibernate: delete from posts where id=?
]]></system-out>
  <system-err><![CDATA[]]></system-err>
</testsuite>
