<?xml version="1.0" encoding="UTF-8"?>
<testsuite name="com.vitamax.book.springboot.web.IndexControllerTest" tests="1" skipped="0" failures="0" errors="0" timestamp="2020-12-19T11:50:48" hostname="DESKTOP-7UCTGBH" time="0.135">
  <properties/>
  <testcase name="메인페이지_로딩" classname="com.vitamax.book.springboot.web.IndexControllerTest" time="0.135"/>
  <system-out><![CDATA[2020-12-19 20:50:47.140  INFO 7764 --- [    Test worker] .b.t.c.SpringBootTestContextBootstrapper : Neither @ContextConfiguration nor @ContextHierarchy found for test class [com.vitamax.book.springboot.web.IndexControllerTest], using SpringBootContextLoader
2020-12-19 20:50:47.140  INFO 7764 --- [    Test worker] o.s.t.c.support.AbstractContextLoader    : Could not detect default resource locations for test class [com.vitamax.book.springboot.web.IndexControllerTest]: no resource found for suffixes {-context.xml, Context.groovy}.
2020-12-19 20:50:47.141  INFO 7764 --- [    Test worker] t.c.s.AnnotationConfigContextLoaderUtils : Could not detect default configuration classes for test class [com.vitamax.book.springboot.web.IndexControllerTest]: IndexControllerTest does not declare any static, non-private, non-final, nested classes annotated with @Configuration.
2020-12-19 20:50:47.142  INFO 7764 --- [    Test worker] .b.t.c.SpringBootTestContextBootstrapper : Found @SpringBootConfiguration com.vitamax.book.springboot.Application for test class com.vitamax.book.springboot.web.IndexControllerTest
2020-12-19 20:50:47.142  INFO 7764 --- [    Test worker] .b.t.c.SpringBootTestContextBootstrapper : Loaded default TestExecutionListener class names from location [META-INF/spring.factories]: [org.springframework.security.test.context.support.WithSecurityContextTestExecutionListener, org.springframework.security.test.context.support.ReactorContextTestExecutionListener, org.springframework.boot.test.autoconfigure.restdocs.RestDocsTestExecutionListener, org.springframework.boot.test.autoconfigure.web.client.MockRestServiceServerResetTestExecutionListener, org.springframework.boot.test.autoconfigure.web.servlet.MockMvcPrintOnlyOnFailureTestExecutionListener, org.springframework.boot.test.autoconfigure.web.servlet.WebDriverTestExecutionListener, org.springframework.boot.test.mock.mockito.MockitoTestExecutionListener, org.springframework.boot.test.mock.mockito.ResetMocksTestExecutionListener, org.springframework.test.context.web.ServletTestExecutionListener, org.springframework.test.context.support.DirtiesContextBeforeModesTestExecutionListener, org.springframework.test.context.support.DependencyInjectionTestExecutionListener, org.springframework.test.context.support.DirtiesContextTestExecutionListener, org.springframework.test.context.transaction.TransactionalTestExecutionListener, org.springframework.test.context.jdbc.SqlScriptsTestExecutionListener]
2020-12-19 20:50:47.143  INFO 7764 --- [    Test worker] .b.t.c.SpringBootTestContextBootstrapper : Using TestExecutionListeners: [org.springframework.test.context.web.ServletTestExecutionListener@73ce00ca, org.springframework.test.context.support.DirtiesContextBeforeModesTestExecutionListener@503a1f88, org.springframework.boot.test.mock.mockito.MockitoTestExecutionListener@7bec312, org.springframework.boot.test.autoconfigure.SpringBootDependencyInjectionTestExecutionListener@24696d5, org.springframework.test.context.support.DirtiesContextTestExecutionListener@18d1e07, org.springframework.test.context.transaction.TransactionalTestExecutionListener@1cb97e1, org.springframework.test.context.jdbc.SqlScriptsTestExecutionListener@701c6299, org.springframework.security.test.context.support.WithSecurityContextTestExecutionListener@465aa271, org.springframework.security.test.context.support.ReactorContextTestExecutionListener@2fcee19b, org.springframework.boot.test.autoconfigure.restdocs.RestDocsTestExecutionListener@72e70f1c, org.springframework.boot.test.autoconfigure.web.client.MockRestServiceServerResetTestExecutionListener@617ca373, org.springframework.boot.test.autoconfigure.web.servlet.MockMvcPrintOnlyOnFailureTestExecutionListener@7226dc07, org.springframework.boot.test.autoconfigure.web.servlet.WebDriverTestExecutionListener@2abc39e1, org.springframework.boot.test.mock.mockito.ResetMocksTestExecutionListener@60695c45]

  .   ____          _            __ _ _
 /\\ / ___'_ __ _ _(_)_ __  __ _ \ \ \ \
( ( )\___ | '_ | '_| | '_ \/ _` | \ \ \ \
 \\/  ___)| |_)| | | | | || (_| |  ) ) ) )
  '  |____| .__|_| |_|_| |_\__, | / / / /
 =========|_|==============|___/=/_/_/_/
 :: Spring Boot ::        (v2.1.7.RELEASE)

2020-12-19 20:50:47.162  INFO 7764 --- [    Test worker] c.v.b.s.web.IndexControllerTest          : Starting IndexControllerTest on DESKTOP-7UCTGBH with PID 7764 (started by hello in D:\[개인]\study\java\projects\freelec-springboot2-webservice)
2020-12-19 20:50:47.163  INFO 7764 --- [    Test worker] c.v.b.s.web.IndexControllerTest          : No active profile set, falling back to default profiles: default
2020-12-19 20:50:47.303  INFO 7764 --- [    Test worker] .s.d.r.c.RepositoryConfigurationDelegate : Bootstrapping Spring Data repositories in DEFAULT mode.
2020-12-19 20:50:47.315  INFO 7764 --- [    Test worker] .s.d.r.c.RepositoryConfigurationDelegate : Finished Spring Data repository scanning in 12ms. Found 2 repository interfaces.
2020-12-19 20:50:47.385  INFO 7764 --- [    Test worker] trationDelegate$BeanPostProcessorChecker : Bean 'org.springframework.transaction.annotation.ProxyTransactionManagementConfiguration' of type [org.springframework.transaction.annotation.ProxyTransactionManagementConfiguration$$EnhancerBySpringCGLIB$$c4ae6c98] is not eligible for getting processed by all BeanPostProcessors (for example: not eligible for auto-proxying)
2020-12-19 20:50:47.560  INFO 7764 --- [    Test worker] o.s.b.w.embedded.tomcat.TomcatWebServer  : Tomcat initialized with port(s): 0 (http)
2020-12-19 20:50:47.581  INFO 7764 --- [    Test worker] o.apache.catalina.core.StandardService   : Starting service [Tomcat]
2020-12-19 20:50:47.581  INFO 7764 --- [    Test worker] org.apache.catalina.core.StandardEngine  : Starting Servlet engine: [Apache Tomcat/9.0.22]
2020-12-19 20:50:47.590  INFO 7764 --- [    Test worker] o.a.catalina.core.AprLifecycleListener   : Loaded APR based Apache Tomcat Native library [1.2.25] using APR version [1.7.0].
2020-12-19 20:50:47.590  INFO 7764 --- [    Test worker] o.a.catalina.core.AprLifecycleListener   : APR capabilities: IPv6 [true], sendfile [true], accept filters [false], random [true].
2020-12-19 20:50:47.590  INFO 7764 --- [    Test worker] o.a.catalina.core.AprLifecycleListener   : APR/OpenSSL configuration: useAprConnector [false], useOpenSSL [true]
2020-12-19 20:50:47.593  INFO 7764 --- [    Test worker] o.a.catalina.core.AprLifecycleListener   : OpenSSL successfully initialized [OpenSSL 1.1.1g  21 Apr 2020]
2020-12-19 20:50:47.713  INFO 7764 --- [    Test worker] o.a.c.c.C.[Tomcat].[localhost].[/]       : Initializing Spring embedded WebApplicationContext
2020-12-19 20:50:47.713  INFO 7764 --- [    Test worker] o.s.web.context.ContextLoader            : Root WebApplicationContext: initialization completed in 549 ms
2020-12-19 20:50:47.851  INFO 7764 --- [    Test worker] com.zaxxer.hikari.HikariDataSource       : HikariPool-2 - Starting...
2020-12-19 20:50:47.852  INFO 7764 --- [    Test worker] com.zaxxer.hikari.HikariDataSource       : HikariPool-2 - Start completed.
2020-12-19 20:50:47.877  INFO 7764 --- [    Test worker] o.hibernate.jpa.internal.util.LogHelper  : HHH000204: Processing PersistenceUnitInfo [
	name: default
	...]
2020-12-19 20:50:47.883  INFO 7764 --- [    Test worker] org.hibernate.dialect.Dialect            : HHH000400: Using dialect: org.hibernate.dialect.MySQL5InnoDBDialect
Hibernate: drop table if exists posts
Hibernate: drop table if exists user
Hibernate: create table posts (id bigint not null auto_increment, created_date datetime, modified_date datetime, author varchar(255), content TEXT not null, title varchar(500) not null, primary key (id)) engine=InnoDB
Hibernate: create table user (id bigint not null auto_increment, created_date datetime, modified_date datetime, email varchar(255) not null, name varchar(255) not null, picture varchar(255), role varchar(255) not null, primary key (id)) engine=InnoDB
2020-12-19 20:50:47.921  INFO 7764 --- [    Test worker] o.h.t.schema.internal.SchemaCreatorImpl  : HHH000476: Executing import script 'org.hibernate.tool.schema.internal.exec.ScriptSourceInputNonExistentImpl@3acc2bcf'
2020-12-19 20:50:47.922  INFO 7764 --- [    Test worker] j.LocalContainerEntityManagerFactoryBean : Initialized JPA EntityManagerFactory for persistence unit 'default'
2020-12-19 20:50:48.148  INFO 7764 --- [    Test worker] o.h.h.i.QueryTranslatorFactoryInitiator  : HHH000397: Using ASTQueryTranslatorFactory
2020-12-19 20:50:48.264  INFO 7764 --- [    Test worker] o.s.s.web.DefaultSecurityFilterChain     : Creating filter chain: any request, [org.springframework.security.web.context.request.async.WebAsyncManagerIntegrationFilter@6f2fa292, org.springframework.security.web.context.SecurityContextPersistenceFilter@2fbb4595, org.springframework.security.web.header.HeaderWriterFilter@62729d33, org.springframework.security.web.authentication.logout.LogoutFilter@43bfd1c3, org.springframework.security.oauth2.client.web.OAuth2AuthorizationRequestRedirectFilter@5006f11b, org.springframework.security.oauth2.client.web.OAuth2LoginAuthenticationFilter@6781c651, org.springframework.security.web.authentication.ui.DefaultLoginPageGeneratingFilter@365dad70, org.springframework.security.web.authentication.ui.DefaultLogoutPageGeneratingFilter@21761ab0, org.springframework.security.web.savedrequest.RequestCacheAwareFilter@7dda39f0, org.springframework.security.web.servletapi.SecurityContextHolderAwareRequestFilter@b37b87d, org.springframework.security.web.authentication.AnonymousAuthenticationFilter@461fb9ac, org.springframework.security.web.session.SessionManagementFilter@6d4a13b8, org.springframework.security.web.access.ExceptionTranslationFilter@7ae51ac8, org.springframework.security.web.access.intercept.FilterSecurityInterceptor@6a448a65]
2020-12-19 20:50:48.378  INFO 7764 --- [    Test worker] o.s.s.concurrent.ThreadPoolTaskExecutor  : Initializing ExecutorService 'applicationTaskExecutor'
2020-12-19 20:50:48.388  WARN 7764 --- [    Test worker] aWebConfiguration$JpaWebMvcConfiguration : spring.jpa.open-in-view is enabled by default. Therefore, database queries may be performed during view rendering. Explicitly configure spring.jpa.open-in-view to disable this warning
2020-12-19 20:50:48.405  INFO 7764 --- [    Test worker] o.s.b.a.w.s.WelcomePageHandlerMapping    : Adding welcome page template: index
2020-12-19 20:50:48.589  INFO 7764 --- [    Test worker] s.a.ScheduledAnnotationBeanPostProcessor : No TaskScheduler/ScheduledExecutorService bean found for scheduled processing
2020-12-19 20:50:48.602  INFO 7764 --- [    Test worker] o.s.b.w.embedded.tomcat.TomcatWebServer  : Tomcat started on port(s): 57957 (http) with context path ''
2020-12-19 20:50:48.602  INFO 7764 --- [    Test worker] c.v.b.s.web.IndexControllerTest          : Started IndexControllerTest in 1.459 seconds (JVM running for 7.652)
2020-12-19 20:50:48.664  INFO 7764 --- [o-auto-1-exec-1] o.a.c.c.C.[Tomcat].[localhost].[/]       : Initializing Spring DispatcherServlet 'dispatcherServlet'
2020-12-19 20:50:48.664  INFO 7764 --- [o-auto-1-exec-1] o.s.web.servlet.DispatcherServlet        : Initializing Servlet 'dispatcherServlet'
2020-12-19 20:50:48.678  INFO 7764 --- [o-auto-1-exec-1] o.s.web.servlet.DispatcherServlet        : Completed initialization in 14 ms
Hibernate: select posts0_.id as id1_0_, posts0_.created_date as created_2_0_, posts0_.modified_date as modified3_0_, posts0_.author as author4_0_, posts0_.content as content5_0_, posts0_.title as title6_0_ from posts posts0_ order by posts0_.id DESC
]]></system-out>
  <system-err><![CDATA[]]></system-err>
</testsuite>
